Symlinking /root/workspace/hrwros_ws/devel/share/common-lisp/ros/hrwros_msgs/srv/hrwros_msgs-srv.asd
Symlinking /root/workspace/hrwros_ws/devel/share/common-lisp/ros/hrwros_msgs/srv/_package.lisp
Symlinking /root/workspace/hrwros_ws/devel/share/common-lisp/ros/hrwros_msgs/srv/ConvertMetresToFeet.lisp
Symlinking /root/workspace/hrwros_ws/devel/share/common-lisp/ros/hrwros_msgs/srv/_package_ConvertMetresToFeet.lisp
Symlinking /root/workspace/hrwros_ws/devel/share/common-lisp/ros/hrwros_msgs/msg/SensorInformation.lisp
Symlinking /root/workspace/hrwros_ws/devel/share/common-lisp/ros/hrwros_msgs/msg/hrwros_msgs-msg.asd
Symlinking /root/workspace/hrwros_ws/devel/share/common-lisp/ros/hrwros_msgs/msg/CounterWithDelayResult.lisp
Symlinking /root/workspace/hrwros_ws/devel/share/common-lisp/ros/hrwros_msgs/msg/_package_RobotTrajectories.lisp
Symlinking /root/workspace/hrwros_ws/devel/share/common-lisp/ros/hrwros_msgs/msg/CounterWithDelayActionFeedback.lisp
Symlinking /root/workspace/hrwros_ws/devel/share/common-lisp/ros/hrwros_msgs/msg/CounterWithDelayFeedback.lisp
Symlinking /root/workspace/hrwros_ws/devel/share/common-lisp/ros/hrwros_msgs/msg/TargetToolPoses.lisp
Symlinking /root/workspace/hrwros_ws/devel/share/common-lisp/ros/hrwros_msgs/msg/ObjectDetection.lisp
Symlinking /root/workspace/hrwros_ws/devel/share/common-lisp/ros/hrwros_msgs/msg/_package_CounterWithDelayGoal.lisp
Symlinking /root/workspace/hrwros_ws/devel/share/common-lisp/ros/hrwros_msgs/msg/RobotTrajectories.lisp
Symlinking /root/workspace/hrwros_ws/devel/share/common-lisp/ros/hrwros_msgs/msg/_package_ObjectDetection.lisp
Symlinking /root/workspace/hrwros_ws/devel/share/common-lisp/ros/hrwros_msgs/msg/_package_CounterWithDelayActionFeedback.lisp
Symlinking /root/workspace/hrwros_ws/devel/share/common-lisp/ros/hrwros_msgs/msg/_package_CounterWithDelayActionResult.lisp
Symlinking /root/workspace/hrwros_ws/devel/share/common-lisp/ros/hrwros_msgs/msg/_package_SensorInformation.lisp
Symlinking /root/workspace/hrwros_ws/devel/share/common-lisp/ros/hrwros_msgs/msg/_package.lisp
Symlinking /root/workspace/hrwros_ws/devel/share/common-lisp/ros/hrwros_msgs/msg/_package_CounterWithDelayActionGoal.lisp
Symlinking /root/workspace/hrwros_ws/devel/share/common-lisp/ros/hrwros_msgs/msg/_package_TargetToolPoses.lisp
Symlinking /root/workspace/hrwros_ws/devel/share/common-lisp/ros/hrwros_msgs/msg/CounterWithDelayActionResult.lisp
Symlinking /root/workspace/hrwros_ws/devel/share/common-lisp/ros/hrwros_msgs/msg/_package_CounterWithDelayResult.lisp
Symlinking /root/workspace/hrwros_ws/devel/share/common-lisp/ros/hrwros_msgs/msg/_package_CounterWithDelayFeedback.lisp
Symlinking /root/workspace/hrwros_ws/devel/share/common-lisp/ros/hrwros_msgs/msg/_package_CounterWithDelayAction.lisp
Symlinking /root/workspace/hrwros_ws/devel/share/common-lisp/ros/hrwros_msgs/msg/CounterWithDelayAction.lisp
Symlinking /root/workspace/hrwros_ws/devel/share/common-lisp/ros/hrwros_msgs/msg/CounterWithDelayActionGoal.lisp
Symlinking /root/workspace/hrwros_ws/devel/share/common-lisp/ros/hrwros_msgs/msg/CounterWithDelayGoal.lisp
Symlinking /root/workspace/hrwros_ws/devel/share/roseus/ros/hrwros_msgs/manifest.l
Symlinking /root/workspace/hrwros_ws/devel/share/roseus/ros/hrwros_msgs/srv/ConvertMetresToFeet.l
Symlinking /root/workspace/hrwros_ws/devel/share/roseus/ros/hrwros_msgs/msg/RobotTrajectories.l
Symlinking /root/workspace/hrwros_ws/devel/share/roseus/ros/hrwros_msgs/msg/CounterWithDelayFeedback.l
Symlinking /root/workspace/hrwros_ws/devel/share/roseus/ros/hrwros_msgs/msg/CounterWithDelayAction.l
Symlinking /root/workspace/hrwros_ws/devel/share/roseus/ros/hrwros_msgs/msg/TargetToolPoses.l
Symlinking /root/workspace/hrwros_ws/devel/share/roseus/ros/hrwros_msgs/msg/CounterWithDelayActionGoal.l
Symlinking /root/workspace/hrwros_ws/devel/share/roseus/ros/hrwros_msgs/msg/CounterWithDelayActionResult.l
Symlinking /root/workspace/hrwros_ws/devel/share/roseus/ros/hrwros_msgs/msg/CounterWithDelayActionFeedback.l
Symlinking /root/workspace/hrwros_ws/devel/share/roseus/ros/hrwros_msgs/msg/SensorInformation.l
Symlinking /root/workspace/hrwros_ws/devel/share/roseus/ros/hrwros_msgs/msg/ObjectDetection.l
Symlinking /root/workspace/hrwros_ws/devel/share/roseus/ros/hrwros_msgs/msg/CounterWithDelayGoal.l
Symlinking /root/workspace/hrwros_ws/devel/share/roseus/ros/hrwros_msgs/msg/CounterWithDelayResult.l
Symlinking /root/workspace/hrwros_ws/devel/share/gennodejs/ros/hrwros_msgs/_index.js
Symlinking /root/workspace/hrwros_ws/devel/share/gennodejs/ros/hrwros_msgs/srv/_index.js
Symlinking /root/workspace/hrwros_ws/devel/share/gennodejs/ros/hrwros_msgs/srv/ConvertMetresToFeet.js
Symlinking /root/workspace/hrwros_ws/devel/share/gennodejs/ros/hrwros_msgs/msg/SensorInformation.js
Symlinking /root/workspace/hrwros_ws/devel/share/gennodejs/ros/hrwros_msgs/msg/CounterWithDelayActionResult.js
Symlinking /root/workspace/hrwros_ws/devel/share/gennodejs/ros/hrwros_msgs/msg/_index.js
Symlinking /root/workspace/hrwros_ws/devel/share/gennodejs/ros/hrwros_msgs/msg/CounterWithDelayGoal.js
Symlinking /root/workspace/hrwros_ws/devel/share/gennodejs/ros/hrwros_msgs/msg/CounterWithDelayActionGoal.js
Symlinking /root/workspace/hrwros_ws/devel/share/gennodejs/ros/hrwros_msgs/msg/CounterWithDelayResult.js
Symlinking /root/workspace/hrwros_ws/devel/share/gennodejs/ros/hrwros_msgs/msg/TargetToolPoses.js
Symlinking /root/workspace/hrwros_ws/devel/share/gennodejs/ros/hrwros_msgs/msg/CounterWithDelayFeedback.js
Symlinking /root/workspace/hrwros_ws/devel/share/gennodejs/ros/hrwros_msgs/msg/CounterWithDelayActionFeedback.js
Symlinking /root/workspace/hrwros_ws/devel/share/gennodejs/ros/hrwros_msgs/msg/RobotTrajectories.js
Symlinking /root/workspace/hrwros_ws/devel/share/gennodejs/ros/hrwros_msgs/msg/ObjectDetection.js
Symlinking /root/workspace/hrwros_ws/devel/share/gennodejs/ros/hrwros_msgs/msg/CounterWithDelayAction.js
Symlinking /root/workspace/hrwros_ws/devel/share/hrwros_msgs/msg/CounterWithDelayActionFeedback.msg
Symlinking /root/workspace/hrwros_ws/devel/share/hrwros_msgs/msg/CounterWithDelayActionGoal.msg
Symlinking /root/workspace/hrwros_ws/devel/share/hrwros_msgs/msg/CounterWithDelayResult.msg
Symlinking /root/workspace/hrwros_ws/devel/share/hrwros_msgs/msg/CounterWithDelayFeedback.msg
Symlinking /root/workspace/hrwros_ws/devel/share/hrwros_msgs/msg/CounterWithDelayActionResult.msg
Symlinking /root/workspace/hrwros_ws/devel/share/hrwros_msgs/msg/CounterWithDelayAction.msg
Symlinking /root/workspace/hrwros_ws/devel/share/hrwros_msgs/msg/CounterWithDelayGoal.msg
Symlinking /root/workspace/hrwros_ws/devel/share/hrwros_msgs/cmake/hrwros_msgs-msg-extras.cmake
Symlinking /root/workspace/hrwros_ws/devel/share/hrwros_msgs/cmake/hrwros_msgsConfig.cmake
Symlinking /root/workspace/hrwros_ws/devel/share/hrwros_msgs/cmake/hrwros_msgsConfig-version.cmake
Symlinking /root/workspace/hrwros_ws/devel/share/hrwros_msgs/cmake/hrwros_msgs-msg-paths.cmake
Symlinking /root/workspace/hrwros_ws/devel/include/hrwros_msgs/CounterWithDelayAction.h
Symlinking /root/workspace/hrwros_ws/devel/include/hrwros_msgs/CounterWithDelayActionGoal.h
Symlinking /root/workspace/hrwros_ws/devel/include/hrwros_msgs/RobotTrajectories.h
Symlinking /root/workspace/hrwros_ws/devel/include/hrwros_msgs/SensorInformation.h
Symlinking /root/workspace/hrwros_ws/devel/include/hrwros_msgs/CounterWithDelayActionResult.h
Symlinking /root/workspace/hrwros_ws/devel/include/hrwros_msgs/ObjectDetection.h
Symlinking /root/workspace/hrwros_ws/devel/include/hrwros_msgs/CounterWithDelayActionFeedback.h
Symlinking /root/workspace/hrwros_ws/devel/include/hrwros_msgs/TargetToolPoses.h
Symlinking /root/workspace/hrwros_ws/devel/include/hrwros_msgs/ConvertMetresToFeetResponse.h
Symlinking /root/workspace/hrwros_ws/devel/include/hrwros_msgs/ConvertMetresToFeet.h
Symlinking /root/workspace/hrwros_ws/devel/include/hrwros_msgs/CounterWithDelayGoal.h
Symlinking /root/workspace/hrwros_ws/devel/include/hrwros_msgs/CounterWithDelayResult.h
Symlinking /root/workspace/hrwros_ws/devel/include/hrwros_msgs/ConvertMetresToFeetRequest.h
Symlinking /root/workspace/hrwros_ws/devel/include/hrwros_msgs/CounterWithDelayFeedback.h
Symlinking /root/workspace/hrwros_ws/devel/lib/python3/dist-packages/hrwros_msgs/__init__.py
Symlinking /root/workspace/hrwros_ws/devel/lib/python3/dist-packages/hrwros_msgs/srv/_ConvertMetresToFeet.py
Symlinking /root/workspace/hrwros_ws/devel/lib/python3/dist-packages/hrwros_msgs/srv/__init__.py
Symlinking /root/workspace/hrwros_ws/devel/lib/python3/dist-packages/hrwros_msgs/msg/_CounterWithDelayActionFeedback.py
Symlinking /root/workspace/hrwros_ws/devel/lib/python3/dist-packages/hrwros_msgs/msg/_RobotTrajectories.py
Symlinking /root/workspace/hrwros_ws/devel/lib/python3/dist-packages/hrwros_msgs/msg/_CounterWithDelayResult.py
Symlinking /root/workspace/hrwros_ws/devel/lib/python3/dist-packages/hrwros_msgs/msg/_SensorInformation.py
Symlinking /root/workspace/hrwros_ws/devel/lib/python3/dist-packages/hrwros_msgs/msg/__init__.py
Symlinking /root/workspace/hrwros_ws/devel/lib/python3/dist-packages/hrwros_msgs/msg/_CounterWithDelayAction.py
Symlinking /root/workspace/hrwros_ws/devel/lib/python3/dist-packages/hrwros_msgs/msg/_ObjectDetection.py
Symlinking /root/workspace/hrwros_ws/devel/lib/python3/dist-packages/hrwros_msgs/msg/_CounterWithDelayActionResult.py
Symlinking /root/workspace/hrwros_ws/devel/lib/python3/dist-packages/hrwros_msgs/msg/_CounterWithDelayGoal.py
Symlinking /root/workspace/hrwros_ws/devel/lib/python3/dist-packages/hrwros_msgs/msg/_CounterWithDelayFeedback.py
Symlinking /root/workspace/hrwros_ws/devel/lib/python3/dist-packages/hrwros_msgs/msg/_TargetToolPoses.py
Symlinking /root/workspace/hrwros_ws/devel/lib/python3/dist-packages/hrwros_msgs/msg/_CounterWithDelayActionGoal.py
Symlinking /root/workspace/hrwros_ws/devel/lib/pkgconfig/hrwros_msgs.pc
